Date: Wed-Jan-2021 05:01:07
Message: Error! : <b>Configuration file should be array, and have two path for HEADER and FOOTER Templates !</b> there is no configuration file
########################
Date: Wed-Jan-2021 07:01:02
Message: Error! : <b>Configuration file should be array, and have two path for HEADER and FOOTER Templates !</b> there is no configuration file
########################
Date: Wed-Jan-2021 07:01:04
Message: Error! : <b>Configuration file should be array, and have two path for HEADER and FOOTER Templates !</b> there is no configuration file
########################
Date: Wed-Jan-2021 07:01:32
Message: Error! : <b>Configuration file should be array, and have two path for HEADER and FOOTER Templates !</b> there is no configuration file
########################
Date: Wed-Jan-2021 07:01:32
Message: Error! : <b>Configuration file should be array, and have two path for HEADER and FOOTER Templates !</b> there is no configuration file
########################
Date: Fri-Jan-2021 10:01:34
Message: Error! : <b>You should pass three parametrs in TemplateMaker function
             render(string templateName, string nameLayout, array products )</b> there is no here needed parametr
########################
[2021-02-03T18:03:36.475409+02:00] products.WARNING: There is no product by this id=79 [] []
[2021-02-03T18:04:01.726117+02:00] products.WARNING: There is no product by this id=79 [] []
[2021-02-03T18:05:05.997879+02:00] products.WARNING: There is no product by this id=79 [] []
[2021-02-03T18:05:07.258657+02:00] products.WARNING: There is no product by this id=79 [] []
[2021-02-04T16:24:06.646621+02:00] products.WARNING: There is no product by this id=8 [] []
[2021-02-04T16:35:18.897623+02:00] my-logger.WARNING: Error! Your path should be wrong! On line 65 in /media/psf/Home/Desktop/Mopop/App/Tools/Router.php: <b>You put wrong path! There is no information to this uri</b>  [] []
[2021-02-04T16:35:19.069212+02:00] my-logger.WARNING: Error! Your path should be wrong! On line 65 in /media/psf/Home/Desktop/Mopop/App/Tools/Router.php: <b>You put wrong path! There is no information to this urifavicon.ico</b>  [] []
[2021-02-04T16:35:19.999145+02:00] my-logger.WARNING: Error! Your path should be wrong! On line 65 in /media/psf/Home/Desktop/Mopop/App/Tools/Router.php: <b>You put wrong path! There is no information to this uri</b>  [] []
[2021-02-04T16:35:20.137366+02:00] my-logger.WARNING: Error! Your path should be wrong! On line 65 in /media/psf/Home/Desktop/Mopop/App/Tools/Router.php: <b>You put wrong path! There is no information to this urifavicon.ico</b>  [] []
[2021-02-04T16:36:48.994035+02:00] my-logger.WARNING: Error! Your path should be wrong! On line 59 in /media/psf/Home/Desktop/Mopop/App/Tools/Router.php: <b>You put wrong path! There is no information to this uri</b>  [] []
[2021-02-04T16:36:49.166077+02:00] my-logger.WARNING: Error! Your path should be wrong! On line 59 in /media/psf/Home/Desktop/Mopop/App/Tools/Router.php: <b>You put wrong path! There is no information to this urifavicon.ico</b>  [] []
[2021-02-04T16:44:05.557830+02:00] my-logger.WARNING: Call to undefined method SiteController::actionIndexfsite() [] []
[2021-02-04T16:44:14.152559+02:00] my-logger.WARNING: Call to undefined method SiteController::actionIndexgsite() [] []
[2021-02-04T16:44:14.387764+02:00] my-logger.WARNING: Call to undefined method SiteController::actionIndexfsite() [] []
[2021-02-04T16:54:03.589019+02:00] my-logger.WARNING: Call to undefined method SiteController::actionIndexgsite() [] []
[2021-02-04T16:54:03.844968+02:00] my-logger.WARNING: Call to undefined method SiteController::actionIndexfsite() [] []
[2021-02-04T16:54:05.556584+02:00] my-logger.WARNING: Call to undefined method SiteController::actionIndexgsite() [] []
[2021-02-04T16:54:05.684362+02:00] my-logger.WARNING: Call to undefined method SiteController::actionIndexfsite() [] []
[2021-02-04T16:54:11.212829+02:00] my-logger.WARNING: Call to undefined method SiteController::actionIndexfsite() [] []
[2021-02-04T16:54:15.117116+02:00] my-logger.WARNING: Call to undefined method SiteController::actionIndexgsite() [] []
[2021-02-04T16:54:15.338307+02:00] my-logger.WARNING: Call to undefined method SiteController::actionIndexfsite() [] []
[2021-02-04T16:55:42.101728+02:00] my-logger.WARNING: Call to undefined method SiteController::actionIndexgsite() [] []
[2021-02-04T16:55:42.245218+02:00] my-logger.WARNING: Call to undefined method SiteController::actionIndexfsite() [] []
[2021-02-04T16:55:43.072903+02:00] my-logger.WARNING: Call to undefined method SiteController::actionIndexgsite() [] []
[2021-02-04T16:55:43.204459+02:00] my-logger.WARNING: Call to undefined method SiteController::actionIndexfsite() [] []
[2021-02-04T16:56:33.999316+02:00] my-logger.WARNING: Call to undefined method SiteController::actionIndexgsite() [] []
[2021-02-04T16:56:34.178362+02:00] my-logger.WARNING: Call to undefined method SiteController::actionIndexfsite() [] []
[2021-02-04T16:57:00.705073+02:00] my-logger.WARNING: Call to undefined method SiteController::actionIndexgsite() [] []
[2021-02-04T16:57:00.879111+02:00] my-logger.WARNING: Call to undefined method SiteController::actionIndexfsite() [] []
[2021-02-04T16:57:26.925033+02:00] my-logger.WARNING: Call to undefined method SiteController::actionIndexgsite() [] []
[2021-02-04T16:57:27.105499+02:00] my-logger.WARNING: Call to undefined method SiteController::actionIndexfsite() [] []
[2021-02-04T16:58:05.496480+02:00] my-logger.WARNING: Call to undefined method SiteController::actionIndexgsite() [] []
[2021-02-04T16:58:05.668117+02:00] my-logger.WARNING: Call to undefined method SiteController::actionIndexfsite() [] []
[2021-02-04T16:58:30.463803+02:00] my-logger.WARNING: Call to undefined method SiteController::actionIndexgsite() [] []
[2021-02-04T16:58:30.637977+02:00] my-logger.WARNING: Call to undefined method SiteController::actionIndexfsite() [] []
[2021-02-04T16:59:33.953190+02:00] my-logger.WARNING: Call to undefined method SiteController::actionIndexpsite() [] []
[2021-02-04T16:59:34.351889+02:00] my-logger.WARNING: Call to undefined method SiteController::actionIndexfsite() [] []
[2021-02-04T17:00:36.895648+02:00] my-logger.WARNING: Call to undefined method SiteController::actionIndexjsite() [] []
[2021-02-04T17:00:37.255096+02:00] my-logger.WARNING: Call to undefined method SiteController::actionIndexfsite() [] []
[2021-02-04T17:05:28.449887+02:00] my-logger.WARNING: Call to undefined method SiteController::actionIndexysite() [] []
[2021-02-04T17:05:28.625046+02:00] my-logger.WARNING: Call to undefined method SiteController::actionIndexfsite() [] []
[2021-02-04T17:11:01.733657+02:00] my-logger.WARNING: Call to undefined method SiteController::actionIndexysite() [] []
[2021-02-04T17:11:02.013601+02:00] my-logger.WARNING: Call to undefined method SiteController::actionIndexfsite() [] []
[2021-02-04T17:11:02.773754+02:00] my-logger.WARNING: Call to undefined method SiteController::actionIndexysite() [] []
[2021-02-04T17:11:02.906523+02:00] my-logger.WARNING: Call to undefined method SiteController::actionIndexfsite() [] []
[2021-02-04T17:11:47.192496+02:00] my-logger.WARNING: Call to undefined method SiteController::actionIndexfsite() [] []
[2021-02-04T17:11:51.301955+02:00] my-logger.WARNING: Call to undefined method SiteController::actionIndexnsite() [] []
[2021-02-04T17:11:51.565331+02:00] my-logger.WARNING: Call to undefined method SiteController::actionIndexfsite() [] []
[2021-02-04T17:13:43.498035+02:00] my-logger.WARNING: Call to undefined method SiteController::actionIndexnsite() [] []
[2021-02-04T17:13:43.673987+02:00] my-logger.WARNING: Call to undefined method SiteController::actionIndexfsite() [] []
[2021-02-04T17:14:17.194013+02:00] my-logger.WARNING: Call to undefined method SiteController::actionIndexfsite() [] []
[2021-02-04T17:14:21.661793+02:00] my-logger.WARNING: Call to undefined method SiteController::actionIndexjsite() [] []
[2021-02-04T17:14:21.895573+02:00] my-logger.WARNING: Call to undefined method SiteController::actionIndexfsite() [] []
[2021-02-04T17:15:35.472694+02:00] my-logger.WARNING: Call to undefined method SiteController::actionIndexjsite() [] []
[2021-02-04T17:15:35.672965+02:00] my-logger.WARNING: Call to undefined method SiteController::actionIndexfsite() [] []
[2021-02-04T17:15:36.326210+02:00] my-logger.WARNING: Call to undefined method SiteController::actionIndexjsite() [] []
[2021-02-04T17:15:36.478140+02:00] my-logger.WARNING: Call to undefined method SiteController::actionIndexfsite() [] []
[2021-02-04T17:15:51.292999+02:00] my-logger.WARNING: Call to undefined method SiteController::actionIndexjsite() [] []
[2021-02-04T17:15:51.470697+02:00] my-logger.WARNING: Call to undefined method SiteController::actionIndexfsite() [] []
[2021-02-04T17:15:52.234803+02:00] my-logger.WARNING: Call to undefined method SiteController::actionIndexjsite() [] []
[2021-02-04T17:15:52.378052+02:00] my-logger.WARNING: Call to undefined method SiteController::actionIndexfsite() [] []
[2021-02-04T17:17:06.625917+02:00] my-logger.WARNING: Call to undefined method SiteController::actionIndexjsite() [] []
[2021-02-04T17:17:06.831685+02:00] my-logger.WARNING: Call to undefined method SiteController::actionIndexfsite() [] []
[2021-02-04T17:17:07.527803+02:00] my-logger.WARNING: Call to undefined method SiteController::actionIndexjsite() [] []
[2021-02-04T17:17:07.669728+02:00] my-logger.WARNING: Call to undefined method SiteController::actionIndexfsite() [] []
[2021-02-04T17:17:20.051002+02:00] my-logger.WARNING: Call to undefined method SiteController::actionIndexjsite() [] []
[2021-02-04T17:17:20.232776+02:00] my-logger.WARNING: Call to undefined method SiteController::actionIndexfsite() [] []
[2021-02-04T17:17:20.882294+02:00] my-logger.WARNING: Call to undefined method SiteController::actionIndexjsite() [] []
[2021-02-04T17:17:21.015836+02:00] my-logger.WARNING: Call to undefined method SiteController::actionIndexfsite() [] []
[2021-02-04T17:17:51.495829+02:00] my-logger.WARNING: Call to undefined method SiteController::actionIndexjsite() [] []
[2021-02-04T17:17:51.691725+02:00] my-logger.WARNING: Call to undefined method SiteController::actionIndexfsite() [] []
[2021-02-04T17:17:52.244419+02:00] my-logger.WARNING: Call to undefined method SiteController::actionIndexjsite() [] []
[2021-02-04T17:17:52.380734+02:00] my-logger.WARNING: Call to undefined method SiteController::actionIndexfsite() [] []
[2021-02-04T17:18:25.475857+02:00] my-logger.WARNING: Call to undefined method SiteController::actionIndexjsite() [] []
[2021-02-04T17:18:25.658536+02:00] my-logger.WARNING: Call to undefined method SiteController::actionIndexfsite() [] []
[2021-02-04T17:23:04.255523+02:00] my-logger.WARNING: Call to undefined method SiteController::actionIndexjsite() [] []
[2021-02-04T17:23:04.524606+02:00] my-logger.WARNING: Call to undefined method SiteController::actionIndexfsite() [] []
[2021-02-04T17:23:16.431197+02:00] my-logger.WARNING: Call to undefined method SiteController::actionIndexpsite() [] []
[2021-02-04T17:23:16.740466+02:00] my-logger.WARNING: Call to undefined method SiteController::actionIndexfsite() [] []
[2021-02-04T17:23:54.671884+02:00] my-logger.WARNING: Return value of App\Repository\ProductRepository::getProductById() must be an instance of App\models\Product, none returned [] []
[2021-02-04T17:34:56.201230+02:00] my-logger.WARNING: Call to undefined method SiteController::actionIndexcsite() [] []
[2021-02-04T17:34:56.377849+02:00] my-logger.WARNING: Call to undefined method SiteController::actionIndexfsite() [] []
[2021-02-04T17:35:41.014691+02:00] my-logger.WARNING: Call to undefined method SiteController::actionIndexcsite() [] []
[2021-02-04T17:35:41.197793+02:00] my-logger.WARNING: Call to undefined method SiteController::actionIndexfsite() [] []
[2021-02-04T17:35:44.408733+02:00] my-logger.WARNING: Call to undefined method SiteController::actionIndexcsite() [] []
[2021-02-04T17:35:44.537960+02:00] my-logger.WARNING: Call to undefined method SiteController::actionIndexfsite() [] []
[2021-02-04T17:35:56.434717+02:00] my-logger.WARNING: syntax error, unexpected '}', expecting end of file [] []
[2021-02-04T17:35:56.605296+02:00] my-logger.WARNING: syntax error, unexpected '}', expecting end of file [] []
[2021-02-04T17:36:25.391584+02:00] my-logger.WARNING: Call to undefined method SiteController::actionIndexcsite() [] []
[2021-02-04T17:36:25.600167+02:00] my-logger.WARNING: Call to undefined method SiteController::actionIndexfsite() [] []
[2021-02-04T17:36:32.873933+02:00] my-logger.WARNING: Call to undefined method SiteController::actionIndexcsite() [] []
[2021-02-04T17:36:33.001355+02:00] my-logger.WARNING: Call to undefined method SiteController::actionIndexfsite() [] []
[2021-02-04T17:36:45.411876+02:00] my-logger.WARNING: Call to undefined method SiteController::actionIndexcsite() [] []
[2021-02-04T17:36:45.576840+02:00] my-logger.WARNING: Call to undefined method SiteController::actionIndexfsite() [] []
[2021-02-04T17:37:19.918459+02:00] my-logger.WARNING: Call to undefined method SiteController::actionIndexcsite() [] []
[2021-02-04T17:37:20.092693+02:00] my-logger.WARNING: Call to undefined method SiteController::actionIndexfsite() [] []
[2021-02-04T17:37:20.740560+02:00] my-logger.WARNING: Call to undefined method SiteController::actionIndexcsite() [] []
[2021-02-04T17:37:20.877624+02:00] my-logger.WARNING: Call to undefined method SiteController::actionIndexfsite() [] []
[2021-02-04T17:38:09.017216+02:00] my-logger.WARNING: Call to undefined method SiteController::actionIndexcsite() [] []
[2021-02-04T17:38:09.193182+02:00] my-logger.WARNING: Call to undefined method SiteController::actionIndexfsite() [] []
[2021-02-04T17:38:53.977385+02:00] my-logger.WARNING: Call to undefined method SiteController::actionIndexcsite() [] []
[2021-02-04T17:38:54.156778+02:00] my-logger.WARNING: Call to undefined method SiteController::actionIndexfsite() [] []
[2021-02-04T17:40:48.631374+02:00] my-logger.WARNING: Call to undefined method SiteController::actionIndexcsite() [] []
[2021-02-04T17:40:48.806110+02:00] my-logger.WARNING: Call to undefined method SiteController::actionIndexfsite() [] []
[2021-02-04T17:40:58.364546+02:00] my-logger.WARNING: Call to undefined method SiteController::actionIndexcsite() [] []
[2021-02-04T17:40:58.538878+02:00] my-logger.WARNING: Call to undefined method SiteController::actionIndexfsite() [] []
[2021-02-04T17:41:24.166827+02:00] my-logger.WARNING: Call to undefined method SiteController::actionIndexcsite() [] []
[2021-02-04T17:41:24.339886+02:00] my-logger.WARNING: Call to undefined method SiteController::actionIndexfsite() [] []
[2021-02-04T17:42:35.724892+02:00] my-logger.WARNING: Call to undefined method SiteController::actionIndexcsdmsa() [] []
[2021-02-04T17:42:35.938729+02:00] my-logger.WARNING: Call to undefined method SiteController::actionIndexfavicon.ico() [] []
[2021-02-04T17:48:10.418183+02:00] my-logger.WARNING: Call to undefined method SiteController::actionIndexcsdmsa() [] []
[2021-02-04T17:48:10.676301+02:00] my-logger.WARNING: Call to undefined method SiteController::actionIndexfavicon.ico() [] []
[2021-02-04T17:51:59.982335+02:00] my-logger.WARNING: Call to undefined method SiteController::actionIndexcsdmsa() [] []
[2021-02-04T17:52:00.158641+02:00] my-logger.WARNING: Call to undefined method SiteController::actionIndexfavicon.ico() [] []
[2021-02-04T17:52:00.992283+02:00] my-logger.WARNING: Call to undefined method SiteController::actionIndexcsdmsa() [] []
[2021-02-04T17:52:01.129555+02:00] my-logger.WARNING: Call to undefined method SiteController::actionIndexfavicon.ico() [] []
[2021-02-04T17:52:12.157416+02:00] my-logger.WARNING: Call to undefined method SiteController::actionIndexcsdmsa() [] []
[2021-02-04T17:52:12.336786+02:00] my-logger.WARNING: Call to undefined method SiteController::actionIndexfavicon.ico() [] []
[2021-02-04T17:52:50.244828+02:00] my-logger.WARNING: Call to undefined method SiteController::actionIndexcsdmsa() [] []
[2021-02-04T17:52:50.409555+02:00] my-logger.WARNING: Call to undefined method SiteController::actionIndexfavicon.ico() [] []
[2021-02-04T17:53:07.106491+02:00] my-logger.WARNING: Call to undefined method SiteController::actionIndexcsdmsa() [] []
[2021-02-04T17:53:07.300483+02:00] my-logger.WARNING: Call to undefined method SiteController::actionIndexfavicon.ico() [] []
[2021-02-04T17:53:12.511643+02:00] my-logger.WARNING: Call to undefined method SiteController::actionIndexcsdmsa() [] []
[2021-02-04T17:53:12.750896+02:00] my-logger.WARNING: Call to undefined method SiteController::actionIndexfavicon.ico() [] []
[2021-02-04T17:53:19.368424+02:00] my-logger.WARNING: Call to undefined method SiteController::actionIndexfavicon.ico() [] []
[2021-02-04T17:53:22.026965+02:00] my-logger.WARNING: Call to undefined method SiteController::actionIndexfavicon.ico() [] []
[2021-02-04T17:53:30.224904+02:00] my-logger.WARNING: Call to undefined method SiteController::actionIndexbnb() [] []
[2021-02-04T17:53:30.420034+02:00] my-logger.WARNING: Call to undefined method SiteController::actionIndexfavicon.ico() [] []
[2021-02-04T17:53:43.638733+02:00] my-logger.WARNING: Call to undefined method SiteController::actionIndexbnb() [] []
[2021-02-04T17:53:43.821353+02:00] my-logger.WARNING: Call to undefined method SiteController::actionIndexfavicon.ico() [] []
[2021-02-04T17:54:54.759976+02:00] my-logger.WARNING: Call to undefined method SiteController::actionIndexfavicon.ico() [] []
[2021-02-04T17:54:58.647649+02:00] my-logger.WARNING: Call to undefined method SiteController::actionIndexckdnvd() [] []
[2021-02-04T17:54:58.878377+02:00] my-logger.WARNING: Call to undefined method SiteController::actionIndexfavicon.ico() [] []
[2021-02-04T17:55:32.634621+02:00] my-logger.WARNING: Call to undefined method SiteController::actionIndexckdnvd() [] []
[2021-02-04T17:55:32.815766+02:00] my-logger.WARNING: Call to undefined method SiteController::actionIndexfavicon.ico() [] []
[2021-02-04T17:57:18.676556+02:00] my-logger.WARNING: Call to undefined method SiteController::actionIndexckdnvd() [] []
[2021-02-04T17:57:18.852760+02:00] my-logger.WARNING: Call to undefined method SiteController::actionIndexfavicon.ico() [] []
[2021-02-04T17:57:36.395512+02:00] my-logger.WARNING: Call to undefined method SiteController::actionIndexckdnvd() [] []
[2021-02-04T17:57:36.572972+02:00] my-logger.WARNING: Call to undefined method SiteController::actionIndexfavicon.ico() [] []
[2021-02-04T17:57:46.508961+02:00] my-logger.WARNING: Call to undefined method SiteController::actionIndexfavicon.ico() [] []
[2021-02-04T17:57:54.005184+02:00] my-logger.WARNING: Call to undefined method SiteController::actionIndexfavicon.ico() [] []
[2021-02-04T17:57:59.462900+02:00] my-logger.WARNING: Call to undefined method SiteController::actionIndexfavicon.ico() [] []
[2021-02-04T17:58:02.733643+02:00] my-logger.WARNING: Call to undefined method SiteController::actionIndexlk;l() [] []
[2021-02-04T17:58:02.923142+02:00] my-logger.WARNING: Call to undefined method SiteController::actionIndexfavicon.ico() [] []
[2021-02-04T18:01:53.106318+02:00] my-logger.WARNING: Call to undefined method SiteController::actionIndexlk;l() [] []
[2021-02-04T18:01:53.313504+02:00] my-logger.WARNING: Call to undefined method SiteController::actionIndexfavicon.ico() [] []
[2021-02-04T18:02:25.976331+02:00] my-logger.WARNING: Error! Your path should be wrong! On line 45 in /media/psf/Home/Desktop/Mopop/App/Tools/Router.php: <b>You put a wrong path! There is no information to this urilk;l</b>  [] []
[2021-02-04T18:02:26.156776+02:00] my-logger.WARNING: Error! Your path should be wrong! On line 45 in /media/psf/Home/Desktop/Mopop/App/Tools/Router.php: <b>You put a wrong path! There is no information to this urifavicon.ico</b>  [] []
[2021-02-04T18:02:58.537639+02:00] my-logger.WARNING: Error! Your path should be wrong! On line 44 in /media/psf/Home/Desktop/Mopop/App/Tools/Router.php: <b>You put a wrong path! There is no information to this urilk;l</b>  [] []
[2021-02-04T18:02:58.718440+02:00] my-logger.WARNING: Error! Your path should be wrong! On line 44 in /media/psf/Home/Desktop/Mopop/App/Tools/Router.php: <b>You put a wrong path! There is no information to this urifavicon.ico</b>  [] []
[2021-02-04T18:03:03.623631+02:00] my-logger.WARNING: Error! Your path should be wrong! On line 44 in /media/psf/Home/Desktop/Mopop/App/Tools/Router.php: <b>You put a wrong path! There is no information to this urifavicon.ico</b>  [] []
[2021-02-04T18:03:09.436253+02:00] my-logger.WARNING: Error! Your path should be wrong! On line 44 in /media/psf/Home/Desktop/Mopop/App/Tools/Router.php: <b>You put a wrong path! There is no information to this uriproduct/22</b>  [] []
[2021-02-04T18:03:09.606544+02:00] my-logger.WARNING: Error! Your path should be wrong! On line 44 in /media/psf/Home/Desktop/Mopop/App/Tools/Router.php: <b>You put a wrong path! There is no information to this urifavicon.ico</b>  [] []
[2021-02-04T18:03:39.691221+02:00] my-logger.WARNING: Call to undefined method SiteController::actionIndexfavicon.ico() [] []
[2021-02-04T18:04:58.341204+02:00] my-logger.WARNING: Error! Your path should be wrong! On line 60 in /media/psf/Home/Desktop/Mopop/App/Tools/Router.php: <b>You put a wrong path! There is no information to this uriproduct/22</b>  [] []
[2021-02-04T18:04:58.553881+02:00] my-logger.WARNING: Error! Your path should be wrong! On line 60 in /media/psf/Home/Desktop/Mopop/App/Tools/Router.php: <b>You put a wrong path! There is no information to this urifavicon.ico</b>  [] []
[2021-02-04T18:05:12.212883+02:00] my-logger.WARNING: Error! Your path should be wrong! On line 60 in /media/psf/Home/Desktop/Mopop/App/Tools/Router.php: <b>You put a wrong path! There is no information to this urifavicon.ico</b>  [] []
[2021-02-04T18:05:15.351674+02:00] my-logger.WARNING: Error! Your path should be wrong! On line 60 in /media/psf/Home/Desktop/Mopop/App/Tools/Router.php: <b>You put a wrong path! There is no information to this urifavicon.ico</b>  [] []
[2021-02-04T18:05:21.289179+02:00] my-logger.WARNING: Error! Your path should be wrong! On line 60 in /media/psf/Home/Desktop/Mopop/App/Tools/Router.php: <b>You put a wrong path! There is no information to this uricategory/2</b>  [] []
[2021-02-04T18:05:21.768724+02:00] my-logger.WARNING: Error! Your path should be wrong! On line 60 in /media/psf/Home/Desktop/Mopop/App/Tools/Router.php: <b>You put a wrong path! There is no information to this urifavicon.ico</b>  [] []
[2021-02-04T18:05:38.306058+02:00] my-logger.WARNING: Call to undefined method SiteController::actionIndexfavicon.ico() [] []
[2021-02-04T18:05:42.639984+02:00] my-logger.WARNING: Call to undefined method SiteController::actionIndexcaldksv() [] []
[2021-02-04T18:05:42.863423+02:00] my-logger.WARNING: Call to undefined method SiteController::actionIndexfavicon.ico() [] []
[2021-02-04T18:07:20.970555+02:00] my-logger.WARNING: Call to undefined method SiteController::actionIndexcaldksv() [] []
[2021-02-04T18:07:21.148212+02:00] my-logger.WARNING: Call to undefined method SiteController::actionIndexfavicon.ico() [] []
[2021-02-04T18:07:21.844674+02:00] my-logger.WARNING: Call to undefined method SiteController::actionIndexcaldksv() [] []
[2021-02-04T18:07:21.979375+02:00] my-logger.WARNING: Call to undefined method SiteController::actionIndexfavicon.ico() [] []
[2021-02-04T18:07:40.048789+02:00] my-logger.WARNING: Call to undefined method SiteController::actionIndexcaldksv() [] []
[2021-02-04T18:07:40.228539+02:00] my-logger.WARNING: Call to undefined method SiteController::actionIndexfavicon.ico() [] []
[2021-02-04T18:07:54.251559+02:00] my-logger.WARNING: Call to undefined method SiteController::actionIndexcaldksv() [] []
[2021-02-04T18:07:54.430177+02:00] my-logger.WARNING: Call to undefined method SiteController::actionIndexfavicon.ico() [] []
[2021-02-04T18:08:43.584189+02:00] my-logger.WARNING: Return value of App\Tools\Authentication::getLogin() must be of the type string, none returned [] []
[2021-02-04T18:13:41.561167+02:00] my-logger.WARNING: Error!: <b>There id no category by this id=0</b>  {"id":0} []
[2021-02-04T18:13:43.253734+02:00] my-logger.WARNING: Error!: <b>There id no category by this id=0</b>  {"id":0} []
[2021-02-04T18:14:38.259505+02:00] my-logger.WARNING: Error!: <b>There id no category by this id=0</b>  {"id":0} []
[2021-02-04T18:20:45.430812+02:00] my-logger.WARNING: Return value of App\Repository\ProductRepository::getProductById() must be an instance of App\models\Product, none returned [] []
[2021-02-04T18:21:10.982239+02:00] my-logger.WARNING: Return value of App\Repository\ProductRepository::getProductById() must be an instance of App\models\Product, none returned [] []
[2021-02-04T18:21:11.882042+02:00] my-logger.WARNING: Return value of App\Repository\ProductRepository::getProductById() must be an instance of App\models\Product, none returned [] []
[2021-02-04T18:23:05.018527+02:00] my-logger.WARNING: Error! Your path should be wrong! On line 63 in /media/psf/Home/Desktop/Mopop/App/Tools/Router.php: <b>You put a wrong path! There is no information to this uriArray</b>  [] []
[2021-02-04T18:23:24.605427+02:00] my-logger.WARNING: Error! Your path should be wrong! On line 63 in /media/psf/Home/Desktop/Mopop/App/Tools/Router.php: <b>You put a wrong path! There is no information for this uri</b>  [] []
[2021-02-04T18:25:15.598070+02:00] my-logger.WARNING: Error! Your path should be wrong! On line 37 in /media/psf/Home/Desktop/Mopop/App/Tools/Router.php: <b>You put a wrong path! There is no information to this uridlksdl;</b>  [] []
[2021-02-04T18:25:15.780677+02:00] my-logger.WARNING: Error! Your path should be wrong! On line 37 in /media/psf/Home/Desktop/Mopop/App/Tools/Router.php: <b>You put a wrong path! There is no information to this urifavicon.ico</b>  [] []
[2021-02-04T18:25:19.142931+02:00] my-logger.WARNING: Error! Your path should be wrong! On line 37 in /media/psf/Home/Desktop/Mopop/App/Tools/Router.php: <b>You put a wrong path! There is no information to this urifavicon.ico</b>  [] []
[2021-02-04T18:25:26.102824+02:00] my-logger.WARNING: Error! Your path should be wrong! On line 37 in /media/psf/Home/Desktop/Mopop/App/Tools/Router.php: <b>You put a wrong path! There is no information to this urifavicon.ico</b>  [] []
[2021-02-04T18:25:29.649190+02:00] my-logger.WARNING: Error! Your path should be wrong! On line 37 in /media/psf/Home/Desktop/Mopop/App/Tools/Router.php: <b>You put a wrong path! There is no information to this urisadksaf</b>  [] []
[2021-02-04T18:25:29.877751+02:00] my-logger.WARNING: Error! Your path should be wrong! On line 37 in /media/psf/Home/Desktop/Mopop/App/Tools/Router.php: <b>You put a wrong path! There is no information to this urifavicon.ico</b>  [] []
[2021-02-04T18:25:33.093275+02:00] my-logger.WARNING: Error! Your path should be wrong! On line 37 in /media/psf/Home/Desktop/Mopop/App/Tools/Router.php: <b>You put a wrong path! There is no information to this urifavicon.ico</b>  [] []
[2021-02-04T18:27:31.504779+02:00] my-logger.WARNING: Error! Your path should be wrong! On line 35 in /media/psf/Home/Desktop/Mopop/App/Tools/Router.php: <b>You put a wrong path! There is no information to this urifavicon.ico</b>  [] []
[2021-02-04T18:28:25.180415+02:00] my-logger.WARNING: Error! Your path should be wrong! On line 35 in /media/psf/Home/Desktop/Mopop/App/Tools/Router.php: <b>You put a wrong path! There is no information to this urifavicon.ico</b>  [] []
[2021-02-04T18:28:56.018388+02:00] my-logger.WARNING: Error! Your path should be wrong! On line 56 in /media/psf/Home/Desktop/Mopop/App/Tools/Router.php: <b>You put a wrong path! There is no information for this uri</b>  [] []
[2021-02-04T18:28:56.197684+02:00] my-logger.WARNING: Error! Your path should be wrong! On line 35 in /media/psf/Home/Desktop/Mopop/App/Tools/Router.php: <b>You put a wrong path! There is no information to this urifavicon.ico</b>  [] []
[2021-02-04T18:29:26.245116+02:00] my-logger.WARNING: Error! Your path should be wrong! : <b>You put a wrong path! There is no information for this uri</b>  [] []
[2021-02-04T18:29:26.412946+02:00] my-logger.WARNING: Error! Your path should be wrong! : <b>You put a wrong path! There is no information to this urifavicon.ico</b>  [] []
[2021-02-04T18:29:33.506904+02:00] my-logger.WARNING: Error! Your path should be wrong! <b>You put a wrong path! There is no information for this uri</b>  [] []
[2021-02-04T18:29:33.639659+02:00] my-logger.WARNING: Error! Your path should be wrong! <b>You put a wrong path! There is no information to this urifavicon.ico</b>  [] []
[2021-02-04T18:29:53.609884+02:00] my-logger.WARNING: Error! Your path should be wrong! <b>There is no information for this uri</b>  [] []
[2021-02-04T18:29:53.789291+02:00] my-logger.WARNING: Error! Your path should be wrong! <b>You put a wrong path! There is no information to this urifavicon.ico</b>  [] []
[2021-02-04T18:30:03.110785+02:00] my-logger.WARNING: Error! Your path should be wrong! <b>You put a wrong path! There is no information to this urifavicon.ico</b>  [] []
[2021-02-04T18:30:53.482173+02:00] my-logger.WARNING: Error! Your path should be wrong! <b>You put a wrong path! There is no information to this urifavicon.ico</b>  [] []
[2021-02-04T18:31:16.232996+02:00] my-logger.WARNING: Error! Your path should be wrong! <b>You put a wrong path! There is no information to this urifavicon.ico</b>  [] []
[2021-02-04T18:31:19.531847+02:00] my-logger.WARNING: Error! Your path should be wrong! <b>There is no information for this uri</b>  [] []
[2021-02-04T18:31:19.691035+02:00] my-logger.WARNING: Error! Your path should be wrong! <b>You put a wrong path! There is no information to this urifavicon.ico</b>  [] []
[2021-02-04T18:31:37.846043+02:00] my-logger.WARNING: Error! Your path should be wrong! <b>There is no information for this uri</b>  [] []
[2021-02-04T18:31:38.026265+02:00] my-logger.WARNING: Error! Your path should be wrong! <b>You put a wrong path! There is no information to this urifavicon.ico</b>  [] []
[2021-02-04T18:33:36.787725+02:00] my-logger.WARNING: Error! Your path should be wrong! <b>You put a wrong path! There is no information to this urifavicon.ico</b>  [] []
[2021-02-04T18:33:42.807050+02:00] my-logger.WARNING: Error! Your path should be wrong! <b>There is no information for this uri</b>  [] []
[2021-02-04T18:33:43.000248+02:00] my-logger.WARNING: Error! Your path should be wrong! <b>You put a wrong path! There is no information to this urifavicon.ico</b>  [] []
[2021-02-04T18:35:25.646563+02:00] my-logger.WARNING: Error! Your path should be wrong! <b>You put a wrong path! There is no information to this urifavicon.ico</b>  [] []
[2021-02-04T18:35:29.653413+02:00] my-logger.WARNING: Error! Your path should be wrong! <b>You put a wrong path! There is no information to this urifavicon.ico</b>  [] []
[2021-02-04T18:35:32.962828+02:00] my-logger.WARNING: Error! Your path should be wrong! <b>There is no information for this uri</b>  [] []
[2021-02-04T18:35:33.223802+02:00] my-logger.WARNING: Error! Your path should be wrong! <b>You put a wrong path! There is no information to this urifavicon.ico</b>  [] []
[2021-02-04T18:35:37.991012+02:00] my-logger.WARNING: Error! Your path should be wrong! <b>You put a wrong path! There is no information to this urifavicon.ico</b>  [] []
[2021-02-04T18:35:43.098434+02:00] my-logger.WARNING: Error! Your path should be wrong! <b>You put a wrong path! There is no information to this urifavicon.ico</b>  [] []
[2021-02-04T18:35:46.002930+02:00] my-logger.WARNING: Error! Your path should be wrong! <b>There is no information for this uri</b>  [] []
[2021-02-04T18:35:46.226264+02:00] my-logger.WARNING: Error! Your path should be wrong! <b>You put a wrong path! There is no information to this urifavicon.ico</b>  [] []
[2021-02-04T18:35:49.863413+02:00] my-logger.WARNING: Error! Your path should be wrong! <b>You put a wrong path! There is no information to this urifavicon.ico</b>  [] []
[2021-02-04T18:36:18.823435+02:00] my-logger.WARNING: Error! Your path should be wrong! <b>You put a wrong path! There is no information to this urifavicon.ico</b>  [] []
[2021-02-04T18:36:21.170220+02:00] my-logger.WARNING: Error! Your path should be wrong! <b>You put a wrong path! There is no information to this urifavicon.ico</b>  [] []
[2021-02-04T18:36:22.891542+02:00] my-logger.WARNING: Error! Your path should be wrong! <b>You put a wrong path! There is no information to this urifavicon.ico</b>  [] []
[2021-02-04T18:36:26.372498+02:00] my-logger.WARNING: Error! Your path should be wrong! <b>You put a wrong path! There is no information to this urifavicon.ico</b>  [] []
[2021-02-04T18:36:29.562805+02:00] my-logger.WARNING: Error! Your path should be wrong! <b>You put a wrong path! There is no information to this urifavicon.ico</b>  [] []
[2021-02-04T18:36:32.443037+02:00] my-logger.WARNING: Error! Your path should be wrong! <b>You put a wrong path! There is no information to this urifavicon.ico</b>  [] []
[2021-02-04T18:36:34.885945+02:00] my-logger.WARNING: Error! Your path should be wrong! <b>You put a wrong path! There is no information to this urifavicon.ico</b>  [] []
[2021-02-04T18:36:37.551627+02:00] my-logger.WARNING: Error! Your path should be wrong! <b>You put a wrong path! There is no information to this urifavicon.ico</b>  [] []
[2021-02-04T18:36:39.352236+02:00] my-logger.WARNING: Error! Your path should be wrong! <b>You put a wrong path! There is no information to this urifavicon.ico</b>  [] []
[2021-02-04T18:36:43.424584+02:00] my-logger.WARNING: Error! Your path should be wrong! <b>You put a wrong path! There is no information to this urifavicon.ico</b>  [] []
[2021-02-04T18:36:48.027435+02:00] my-logger.WARNING: Error! Your path should be wrong! <b>You put a wrong path! There is no information to this urifavicon.ico</b>  [] []
[2021-02-04T18:36:53.851962+02:00] my-logger.WARNING: Return value of App\Tools\Authentication::getLogin() must be of the type string, none returned [] []
[2021-02-04T18:36:54.055468+02:00] my-logger.WARNING: Error! Your path should be wrong! <b>You put a wrong path! There is no information to this urifavicon.ico</b>  [] []
[2021-02-04T18:36:56.244549+02:00] my-logger.WARNING: Error! Your path should be wrong! <b>You put a wrong path! There is no information to this urifavicon.ico</b>  [] []
[2021-02-04T18:37:02.465212+02:00] my-logger.WARNING: Error! Your path should be wrong! <b>You put a wrong path! There is no information to this urifavicon.ico</b>  [] []
[2021-02-04T18:37:06.382127+02:00] my-logger.WARNING: Error! Your path should be wrong! <b>You put a wrong path! There is no information to this urifsdjfds</b>  [] []
[2021-02-04T18:37:06.598701+02:00] my-logger.WARNING: Error! Your path should be wrong! <b>You put a wrong path! There is no information to this urifavicon.ico</b>  [] []
[2021-02-04T18:37:13.053584+02:00] my-logger.WARNING: Error! Your path should be wrong! <b>There is no information for this uri</b>  [] []
[2021-02-04T18:37:13.264054+02:00] my-logger.WARNING: Error! Your path should be wrong! <b>You put a wrong path! There is no information to this urifavicon.ico</b>  [] []
[2021-02-04T18:37:16.075309+02:00] my-logger.WARNING: Error! Your path should be wrong! <b>You put a wrong path! There is no information to this urifavicon.ico</b>  [] []
[2021-02-04T18:37:27.497027+02:00] my-logger.WARNING: Error! Your path should be wrong! <b>There is no information for this uri</b>  [] []
[2021-02-04T18:37:27.743208+02:00] my-logger.WARNING: Error! Your path should be wrong! <b>You put a wrong path! There is no information to this urifavicon.ico</b>  [] []
[2021-02-04T18:37:32.723118+02:00] my-logger.WARNING: Error! Your path should be wrong! <b>There is no information for this uri</b>  [] []
[2021-02-04T18:37:32.916692+02:00] my-logger.WARNING: Error! Your path should be wrong! <b>You put a wrong path! There is no information to this urifavicon.ico</b>  [] []
[2021-02-04T18:37:37.785365+02:00] my-logger.WARNING: Return value of App\Repository\CategoryRepository::getCategoryById() must be an instance of App\models\Category or null, none returned [] []
[2021-02-04T18:37:37.977740+02:00] my-logger.WARNING: Error! Your path should be wrong! <b>You put a wrong path! There is no information to this urifavicon.ico</b>  [] []
[2021-02-04T18:37:46.426627+02:00] my-logger.WARNING: Error! Your path should be wrong! <b>You put a wrong path! There is no information to this urifavicon.ico</b>  [] []
[2021-02-04T18:39:14.455613+02:00] my-logger.WARNING: Error! Your path should be wrong! <b>You put a wrong path! There is no information to this urifavicon.ico</b>  [] []
[2021-02-04T18:51:55.202335+02:00] my-logger.WARNING: Error! Your path should be wrong! <b>You put a wrong path! There is no information to this urifavicon.ico</b>  [] []
[2021-02-04T18:51:56.322948+02:00] my-logger.WARNING: Error! Your path should be wrong! <b>You put a wrong path! There is no information to this urifavicon.ico</b>  [] []
[2021-02-04T18:52:03.048732+02:00] my-logger.WARNING: Error!!! <b>Wrong name or password! Try again</b>  [] []
[2021-02-04T18:52:03.189275+02:00] my-logger.WARNING: Error! Your path should be wrong! <b>You put a wrong path! There is no information to this urifavicon.ico</b>  [] []
[2021-02-04T18:53:47.081494+02:00] my-logger.WARNING: Error! Your path should be wrong! <b>You put a wrong path! There is no information to this urifavicon.ico</b>  [] []
[2021-02-04T18:53:48.476452+02:00] my-logger.WARNING: Error! Your path should be wrong! <b>You put a wrong path! There is no information to this urifavicon.ico</b>  [] []
[2021-02-04T18:54:00.965396+02:00] my-logger.WARNING: Error!!! <b>Your password does not match</b>  [] []
[2021-02-04T18:54:01.140687+02:00] my-logger.WARNING: Error! Your path should be wrong! <b>You put a wrong path! There is no information to this urifavicon.ico</b>  [] []
[2021-02-04T18:54:03.138154+02:00] my-logger.WARNING: Error! Your path should be wrong! <b>You put a wrong path! There is no information to this urifavicon.ico</b>  [] []
[2021-02-04T18:54:15.476496+02:00] my-logger.WARNING: This name is already use! [] []
[2021-02-04T18:54:15.686750+02:00] my-logger.WARNING: Error! Your path should be wrong! <b>You put a wrong path! There is no information to this urifavicon.ico</b>  [] []
[2021-02-04T18:54:18.100209+02:00] my-logger.WARNING: Error! Your path should be wrong! <b>You put a wrong path! There is no information to this urifavicon.ico</b>  [] []
[2021-02-04T18:54:20.110594+02:00] my-logger.WARNING: Error! Your path should be wrong! <b>You put a wrong path! There is no information to this urifavicon.ico</b>  [] []
[2021-02-04T19:00:55.233134+02:00] my-logger.WARNING: You put a wrong path! There is no information to this urifavicon.ico [] []
[2021-02-04T19:00:56.577264+02:00] my-logger.WARNING: You put a wrong path! There is no information to this urifavicon.ico [] []
[2021-02-04T19:01:00.835061+02:00] my-logger.WARNING: Wrong name or password! Try again [] []
[2021-02-04T19:01:00.984582+02:00] my-logger.WARNING: You put a wrong path! There is no information to this urifavicon.ico [] []
[2021-02-04T19:01:11.596290+02:00] my-logger.WARNING: You put a wrong path! There is no information to this urifavicon.ico [] []
[2021-02-05T13:54:08.331946+02:00] my-logger.WARNING: You put a wrong path! There is no information to this urifavicon.ico [] []
[2021-02-05T13:54:11.072887+02:00] my-logger.WARNING: You put a wrong path! There is no information to this uri%D0%BB%D0%B0%D0%BE%D0%BF%D0%B2%D0%BF%D0%BE [] []
[2021-02-05T13:54:11.282841+02:00] my-logger.WARNING: You put a wrong path! There is no information to this urifavicon.ico [] []
[2021-02-05T13:55:54.660109+02:00] my-logger.WARNING: You put a wrong path! There is no information for this uri = %D0%BB%D0%B0%D0%BE%D0%BF%D0%B2%D0%BF%D0%BE [] []
[2021-02-05T13:55:54.837900+02:00] my-logger.WARNING: You put a wrong path! There is no information for this uri = favicon.ico [] []
[2021-02-05T13:58:55.396393+02:00] my-logger.WARNING: You put a wrong path! There is no information for this uri = favicon.ico [] []
[2021-02-05T14:03:58.480775+02:00] my-logger.WARNING: You put a wrong path! There is no information for this uri = favicon.ico [] []
[2021-02-05T14:04:01.695192+02:00] my-logger.WARNING: You put a wrong path! There is no information for this uri = favicon.ico [] []
[2021-02-05T14:04:04.929124+02:00] my-logger.WARNING: There is no information for this uri [] []
[2021-02-05T14:04:05.113874+02:00] my-logger.WARNING: You put a wrong path! There is no information for this uri = favicon.ico [] []
[2021-02-05T14:04:11.645513+02:00] my-logger.WARNING: You put a wrong path! There is no information for this uri = favicon.ico [] []
[2021-02-05T14:04:19.900846+02:00] my-logger.WARNING: You put a wrong path! There is no information for this uri = favicon.ico [] []
[2021-02-05T14:04:23.012618+02:00] my-logger.WARNING: You put a wrong path! There is no information for this uri = favicon.ico [] []
[2021-02-05T14:04:35.083893+02:00] my-logger.WARNING: You put a wrong path! There is no information for this uri = favicon.ico [] []
[2021-02-05T14:04:37.424106+02:00] my-logger.WARNING: You put a wrong path! There is no information for this uri = favicon.ico [] []
[2021-02-05T14:04:38.397924+02:00] my-logger.WARNING: You put a wrong path! There is no information for this uri = favicon.ico [] []
[2021-02-05T14:05:20.965969+02:00] my-logger.WARNING: You put a wrong path! There is no information for this uri = favicon.ico [] []
[2021-02-05T14:06:03.483209+02:00] my-logger.WARNING: You put a wrong path! There is no information for this uri = favicon.ico [] []
[2021-02-05T14:06:18.649606+02:00] my-logger.WARNING: You put a wrong path! There is no information for this uri = favicon.ico [] []
[2021-02-05T14:06:20.786410+02:00] my-logger.WARNING: You put a wrong path! There is no information for this uri = favicon.ico [] []
[2021-02-05T14:06:22.465868+02:00] my-logger.WARNING: You put a wrong path! There is no information for this uri = favicon.ico [] []
[2021-02-05T14:06:29.728107+02:00] my-logger.WARNING: You put a wrong path! There is no information for this uri = favicon.ico [] []
[2021-02-05T14:07:18.030283+02:00] my-logger.WARNING: You put a wrong path! There is no information for this uri = favicon.ico [] []
[2021-02-05T14:07:21.421984+02:00] my-logger.WARNING: You put a wrong path! There is no information for this uri = favicon.ico [] []
[2021-02-05T14:07:25.693346+02:00] my-logger.WARNING: You put a wrong path! There is no information for this uri = favicon.ico [] []
[2021-02-05T14:07:45.771105+02:00] my-logger.WARNING: You put a wrong path! There is no information for this uri = favicon.ico [] []
[2021-02-05T14:07:47.812622+02:00] my-logger.WARNING: You put a wrong path! There is no information for this uri = favicon.ico [] []
[2021-02-05T14:07:50.775689+02:00] my-logger.WARNING: You put a wrong path! There is no information for this uri = favicon.ico [] []
[2021-02-05T14:08:05.964625+02:00] my-logger.WARNING: You put a wrong path! There is no information for this uri = favicon.ico [] []
[2021-02-05T14:08:32.877534+02:00] my-logger.WARNING: You put a wrong path! There is no information for this uri = favicon.ico [] []
[2021-02-05T14:08:33.815622+02:00] my-logger.WARNING: You put a wrong path! There is no information for this uri = favicon.ico [] []
[2021-02-05T14:09:00.505982+02:00] my-logger.WARNING: You put a wrong path! There is no information for this uri = favicon.ico [] []
[2021-02-05T14:09:01.354101+02:00] my-logger.WARNING: You put a wrong path! There is no information for this uri = favicon.ico [] []
[2021-02-05T14:09:08.432602+02:00] my-logger.WARNING: You put a wrong path! There is no information for this uri = favicon.ico [] []
[2021-02-05T14:09:24.193014+02:00] my-logger.WARNING: You put a wrong path! There is no information for this uri = favicon.ico [] []
[2021-02-05T14:10:11.930268+02:00] my-logger.WARNING: You put a wrong path! There is no information for this uri = favicon.ico [] []
[2021-02-07T20:45:36.184026+02:00] my-logger.WARNING: There is no category by this id=7 [] []
[2021-02-07T20:45:36.619862+02:00] my-logger.WARNING: You put a wrong path! There is no information for this uri = favicon.ico [] []
[2021-02-07T20:47:02.309205+02:00] my-logger.WARNING: You put a wrong path! There is no information for this uri = favicon.ico [] []
[2021-02-07T20:48:15.833329+02:00] my-logger.WARNING: You put a wrong path! There is no information for this uri = favicon.ico [] []
[2021-02-07T20:54:12.321110+02:00] my-logger.WARNING: You put a wrong path! There is no information for this uri = favicon.ico [] []
[2021-02-07T20:57:03.771226+02:00] my-logger.WARNING: Call to undefined method SiteController::actionIndexfavicon.ico() [] []
[2021-02-07T20:58:50.759587+02:00] my-logger.WARNING: You put a wrong path! There is no information for this uri = favicon.ico [] []
[2021-02-07T21:01:52.134922+02:00] my-logger.WARNING: Typed property App\models\Product::$category_id must not be accessed before initialization [] []
[2021-02-07T21:01:52.762888+02:00] my-logger.WARNING: You put a wrong path! There is no information for this uri = favicon.ico [] []
[2021-02-07T21:03:36.253303+02:00] my-logger.WARNING: Wrong parameters for App\tools\Errors\ProductsErrorException([string $message [, long $code [, Throwable $previous = NULL]]]) [] []
[2021-02-07T21:03:36.698859+02:00] my-logger.WARNING: You put a wrong path! There is no information for this uri = favicon.ico [] []
[2021-02-07T21:04:00.664646+02:00] my-logger.WARNING: There is no category by this id=45 [] []
[2021-02-07T21:04:01.142486+02:00] my-logger.WARNING: You put a wrong path! There is no information for this uri = favicon.ico [] []
[2021-02-07T21:05:42.965154+02:00] my-logger.WARNING: There is no product by this id=45 [] []
[2021-02-07T21:05:43.401658+02:00] my-logger.WARNING: You put a wrong path! There is no information for this uri = favicon.ico [] []
[2021-02-07T21:14:35.635400+02:00] my-logger.WARNING: There is no product by this id=45 [] []
[2021-02-07T21:14:36.070884+02:00] my-logger.WARNING: You put a wrong path! There is no information for this uri = favicon.ico [] []
[2021-02-07T21:15:12.791769+02:00] my-logger.WARNING: You put a wrong path! There is no information for this uri = dsjg [] []
[2021-02-07T21:15:13.112508+02:00] my-logger.WARNING: You put a wrong path! There is no information for this uri = favicon.ico [] []
[2021-02-07T21:16:35.687202+02:00] my-logger.WARNING: You put a wrong path! There is no information for this uri = dsjg [] []
[2021-02-07T21:16:36.137726+02:00] my-logger.WARNING: You put a wrong path! There is no information for this uri = favicon.ico [] []
[2021-02-07T21:27:15.264083+02:00] my-logger.WARNING: Wrong name or password! Try again [] []
[2021-02-07T21:27:15.704831+02:00] my-logger.WARNING: You put a wrong path! There is no information for this uri = favicon.ico [] []
[2021-02-07T21:27:50.038767+02:00] my-logger.WARNING: You put a wrong path! There is no information for this uri = favicon.ico [] []
[2021-02-07T21:28:17.455179+02:00] my-logger.WARNING: You put a wrong path! There is no information for this uri = favicon.ico [] []
[2021-02-07T21:29:53.486079+02:00] my-logger.WARNING: You put a wrong path! There is no information for this uri = favicon.ico [] []
[2021-02-08T10:31:49.680112+02:00] my-logger.WARNING: Wrong name or password! Try again [] []
[2021-02-08T10:31:50.277909+02:00] my-logger.WARNING: You put a wrong path! There is no information for this uri = favicon.ico [] []
[2021-02-08T10:33:25.125182+02:00] my-logger.WARNING: Return value of App\Tools\Authentication::getLogin() must be of the type string, none returned [] []
[2021-02-08T10:39:09.322355+02:00] my-logger.WARNING: You put a wrong path! There is no information for this uri = favicon.ico [] []
[2021-02-08T10:47:23.987049+02:00] my-logger.WARNING: You put a wrong path! There is no information for this uri = favicon.ico [] []
[2021-02-08T11:14:33.485998+02:00] my-logger.WARNING: You put a wrong path! There is no information for this uri = favicon.ico [] []
[2021-02-08T11:14:49.373044+02:00] my-logger.WARNING: You put a wrong path! There is no information for this uri = favicon.ico [] []
